mode: set
github.com/asoltd/lancr/server/apprentice.go:16.71,22.2 1 1
github.com/asoltd/lancr/server/apprentice.go:24.148,26.2 1 1
github.com/asoltd/lancr/server/apprentice.go:29.151,31.2 1 1
github.com/asoltd/lancr/server/apprentice.go:33.154,35.2 1 1
github.com/asoltd/lancr/server/apprentice.go:37.154,40.16 3 1
github.com/asoltd/lancr/server/apprentice.go:40.16,42.3 1 0
github.com/asoltd/lancr/server/apprentice.go:43.2,44.16 2 1
github.com/asoltd/lancr/server/apprentice.go:44.16,46.3 1 0
github.com/asoltd/lancr/server/apprentice.go:47.2,49.16 3 1
github.com/asoltd/lancr/server/apprentice.go:49.16,51.3 1 0
github.com/asoltd/lancr/server/apprentice.go:52.2,53.16 2 1
github.com/asoltd/lancr/server/apprentice.go:53.16,55.3 1 0
github.com/asoltd/lancr/server/apprentice.go:56.2,56.63 1 1
github.com/asoltd/lancr/server/apprentice.go:59.154,61.2 1 1
github.com/asoltd/lancr/server/hero.go:17.59,23.2 1 1
github.com/asoltd/lancr/server/hero.go:25.124,27.2 1 1
github.com/asoltd/lancr/server/hero.go:30.130,32.2 1 1
github.com/asoltd/lancr/server/hero.go:34.130,36.2 1 1
github.com/asoltd/lancr/server/hero.go:38.130,41.16 3 1
github.com/asoltd/lancr/server/hero.go:41.16,43.3 1 0
github.com/asoltd/lancr/server/hero.go:45.2,46.16 2 1
github.com/asoltd/lancr/server/hero.go:46.16,48.3 1 0
github.com/asoltd/lancr/server/hero.go:50.2,52.16 3 1
github.com/asoltd/lancr/server/hero.go:52.16,54.3 1 0
github.com/asoltd/lancr/server/hero.go:56.2,57.16 2 1
github.com/asoltd/lancr/server/hero.go:57.16,59.3 1 0
github.com/asoltd/lancr/server/hero.go:60.2,60.57 1 1
github.com/asoltd/lancr/server/hero.go:63.130,65.2 1 1
github.com/asoltd/lancr/server/hero.go:67.142,69.2 1 0
github.com/asoltd/lancr/server/hero.go:71.145,78.2 2 0
github.com/asoltd/lancr/server/quest.go:16.61,22.2 1 1
github.com/asoltd/lancr/server/quest.go:24.128,26.2 1 1
github.com/asoltd/lancr/server/quest.go:29.131,31.2 1 1
github.com/asoltd/lancr/server/quest.go:33.134,35.2 1 1
github.com/asoltd/lancr/server/quest.go:37.134,41.16 3 1
github.com/asoltd/lancr/server/quest.go:41.16,43.3 1 0
github.com/asoltd/lancr/server/quest.go:45.2,46.16 2 1
github.com/asoltd/lancr/server/quest.go:46.16,48.3 1 0
github.com/asoltd/lancr/server/quest.go:50.2,52.16 3 1
github.com/asoltd/lancr/server/quest.go:52.16,54.3 1 0
github.com/asoltd/lancr/server/quest.go:56.2,57.16 2 1
github.com/asoltd/lancr/server/quest.go:57.16,59.3 1 0
github.com/asoltd/lancr/server/quest.go:61.2,61.58 1 1
github.com/asoltd/lancr/server/quest.go:64.134,66.2 1 1
github.com/asoltd/lancr/server/quest.go:68.143,70.2 1 0
github.com/asoltd/lancr/server/util.go:15.67,17.9 2 0
github.com/asoltd/lancr/server/util.go:17.9,19.3 1 0
github.com/asoltd/lancr/server/util.go:21.2,22.9 2 0
github.com/asoltd/lancr/server/util.go:22.9,24.3 1 0
github.com/asoltd/lancr/server/util.go:26.2,27.21 2 0
github.com/asoltd/lancr/server/util.go:27.21,29.3 1 0
github.com/asoltd/lancr/server/util.go:31.2,33.22 2 0
github.com/asoltd/lancr/server/util.go:36.41,39.16 2 1
github.com/asoltd/lancr/server/util.go:39.16,41.3 1 0
github.com/asoltd/lancr/server/util.go:43.2,44.16 2 1
github.com/asoltd/lancr/server/util.go:44.16,46.3 1 0
github.com/asoltd/lancr/server/util.go:48.2,49.16 2 1
github.com/asoltd/lancr/server/util.go:49.16,51.3 1 0
github.com/asoltd/lancr/server/util.go:53.2,54.16 2 1
github.com/asoltd/lancr/server/util.go:54.16,56.3 1 0
github.com/asoltd/lancr/server/util.go:58.2,58.11 1 1
