mode: set
github.com/asoltd/lancr/server/apprentice.go:16.71,22.2 1 0
github.com/asoltd/lancr/server/apprentice.go:24.148,26.2 1 0
github.com/asoltd/lancr/server/apprentice.go:29.151,31.2 1 0
github.com/asoltd/lancr/server/apprentice.go:33.154,35.2 1 0
github.com/asoltd/lancr/server/apprentice.go:37.154,39.2 1 0
github.com/asoltd/lancr/server/apprentice.go:41.154,43.2 1 0
github.com/asoltd/lancr/server/hero.go:17.59,23.2 1 1
github.com/asoltd/lancr/server/hero.go:25.124,27.2 1 1
github.com/asoltd/lancr/server/hero.go:30.130,32.2 1 1
github.com/asoltd/lancr/server/hero.go:34.130,36.2 1 1
github.com/asoltd/lancr/server/hero.go:38.130,40.16 2 1
github.com/asoltd/lancr/server/hero.go:40.16,42.3 1 0
github.com/asoltd/lancr/server/hero.go:43.2,43.54 1 1
github.com/asoltd/lancr/server/hero.go:46.130,48.2 1 1
github.com/asoltd/lancr/server/hero.go:50.142,52.2 1 0
github.com/asoltd/lancr/server/hero.go:54.145,61.2 2 0
github.com/asoltd/lancr/server/quest.go:16.61,22.2 1 0
github.com/asoltd/lancr/server/quest.go:24.128,26.2 1 0
github.com/asoltd/lancr/server/quest.go:29.131,31.2 1 0
github.com/asoltd/lancr/server/quest.go:33.134,35.2 1 0
github.com/asoltd/lancr/server/quest.go:37.134,39.2 1 0
github.com/asoltd/lancr/server/quest.go:41.134,43.2 1 0
github.com/asoltd/lancr/server/quest.go:45.143,47.2 1 0
github.com/asoltd/lancr/server/util.go:15.67,17.9 2 0
github.com/asoltd/lancr/server/util.go:17.9,19.3 1 0
github.com/asoltd/lancr/server/util.go:21.2,22.9 2 0
github.com/asoltd/lancr/server/util.go:22.9,24.3 1 0
github.com/asoltd/lancr/server/util.go:26.2,27.22 2 0
github.com/asoltd/lancr/server/util.go:30.41,33.16 2 1
github.com/asoltd/lancr/server/util.go:33.16,35.3 1 0
github.com/asoltd/lancr/server/util.go:37.2,38.16 2 1
github.com/asoltd/lancr/server/util.go:38.16,40.3 1 0
github.com/asoltd/lancr/server/util.go:42.2,42.11 1 1
